
<?xml version="1.0" encoding="utf-8"?>
<SubmitResult xmlns="http://106.ihuyi.com/">
<code>2</code>
<msg>提交成功</msg>
<smsid>16586973</smsid>
</SubmitResult>

2014-06-08 08:44:07
<?xml version="1.0" encoding="utf-8"?>
<SubmitResult xmlns="http://106.ihuyi.com/">
<code>4081</code>
<msg>同一手机号码一分钟之内发送频率不能超过1条</msg>
<smsid>0</smsid>
</SubmitResult>

2014-06-08 08:44:08
<?xml version="1.0" encoding="utf-8"?>
<SubmitResult xmlns="http://106.ihuyi.com/">
<code>2</code>
<msg>提交成功</msg>
<smsid>16587171</smsid>
</SubmitResult>

2014-06-08 08:45:13
<?xml version="1.0" encoding="utf-8"?>
<SubmitResult xmlns="http://106.ihuyi.com/">
<code>4081</code>
<msg>同一手机号码一分钟之内发送频率不能超过1条</msg>
<smsid>0</smsid>
</SubmitResult>

2014-06-08 08:45:15