
<?xml version="1.0" encoding="utf-8"?>
<SubmitResult xmlns="http://106.ihuyi.com/">
<code>2</code>
<msg>提交成功</msg>
<smsid>16562874</smsid>
</SubmitResult>

2014-06-08 05:59:33
<?xml version="1.0" encoding="utf-8"?>
<SubmitResult xmlns="http://106.ihuyi.com/">
<code>4081</code>
<msg>同一手机号码一分钟之内发送频率不能超过1条</msg>
<smsid>0</smsid>
</SubmitResult>

2014-06-08 05:59:34
<?xml version="1.0" encoding="utf-8"?>
<SubmitResult xmlns="http://106.ihuyi.com/">
<code>4081</code>
<msg>同一手机号码一分钟之内发送频率不能超过1条</msg>
<smsid>0</smsid>
</SubmitResult>

2014-06-08 05:59:45
<?xml version="1.0" encoding="utf-8"?>
<SubmitResult xmlns="http://106.ihuyi.com/">
<code>4081</code>
<msg>同一手机号码一分钟之内发送频率不能超过1条</msg>
<smsid>0</smsid>
</SubmitResult>

2014-06-08 06:00:00
<?xml version="1.0" encoding="utf-8"?>
<SubmitResult xmlns="http://106.ihuyi.com/">
<code>4081</code>
<msg>同一手机号码一分钟之内发送频率不能超过1条</msg>
<smsid>0</smsid>
</SubmitResult>

2014-06-08 06:00:14
<?xml version="1.0" encoding="utf-8"?>
<SubmitResult xmlns="http://106.ihuyi.com/">
<code>2</code>
<msg>提交成功</msg>
<smsid>16563048</smsid>
</SubmitResult>

2014-06-08 06:01:06
<?xml version="1.0" encoding="utf-8"?>
<SubmitResult xmlns="http://106.ihuyi.com/">
<code>4081</code>
<msg>同一手机号码一分钟之内发送频率不能超过1条</msg>
<smsid>0</smsid>
</SubmitResult>

2014-06-08 06:01:20
<?xml version="1.0" encoding="utf-8"?>
<SubmitResult xmlns="http://106.ihuyi.com/">
<code>4081</code>
<msg>同一手机号码一分钟之内发送频率不能超过1条</msg>
<smsid>0</smsid>
</SubmitResult>

2014-06-08 06:01:50
<?xml version="1.0" encoding="utf-8"?>
<SubmitResult xmlns="http://106.ihuyi.com/">
<code>2</code>
<msg>提交成功</msg>
<smsid>16563195</smsid>
</SubmitResult>

2014-06-08 06:02:11
<?xml version="1.0" encoding="utf-8"?>
<SubmitResult xmlns="http://106.ihuyi.com/">
<code>4081</code>
<msg>同一手机号码一分钟之内发送频率不能超过1条</msg>
<smsid>0</smsid>
</SubmitResult>

2014-06-08 06:02:29
<?xml version="1.0" encoding="utf-8"?>
<SubmitResult xmlns="http://106.ihuyi.com/">
<code>4081</code>
<msg>同一手机号码一分钟之内发送频率不能超过1条</msg>
<smsid>0</smsid>
</SubmitResult>

2014-06-08 06:02:36
<?xml version="1.0" encoding="utf-8"?>
<SubmitResult xmlns="http://106.ihuyi.com/">
<code>2</code>
<msg>提交成功</msg>
<smsid>16563403</smsid>
</SubmitResult>

2014-06-08 06:04:05
<?xml version="1.0" encoding="utf-8"?>
<SubmitResult xmlns="http://106.ihuyi.com/">
<code>4081</code>
<msg>同一手机号码一分钟之内发送频率不能超过1条</msg>
<smsid>0</smsid>
</SubmitResult>

2014-06-08 06:04:44
<?xml version="1.0" encoding="utf-8"?>
<SubmitResult xmlns="http://106.ihuyi.com/">
<code>4081</code>
<msg>同一手机号码一分钟之内发送频率不能超过1条</msg>
<smsid>0</smsid>
</SubmitResult>

2014-06-08 06:04:49
<?xml version="1.0" encoding="utf-8"?>
<SubmitResult xmlns="http://106.ihuyi.com/">
<code>2</code>
<msg>提交成功</msg>
<smsid>16563577</smsid>
</SubmitResult>

2014-06-08 06:05:51
<?xml version="1.0" encoding="utf-8"?>
<SubmitResult xmlns="http://106.ihuyi.com/">
<code>4081</code>
<msg>同一手机号码一分钟之内发送频率不能超过1条</msg>
<smsid>0</smsid>
</SubmitResult>

2014-06-08 06:06:17
<?xml version="1.0" encoding="utf-8"?>
<SubmitResult xmlns="http://106.ihuyi.com/">
<code>4082</code>
<msg>同一手机号码一天之内发送频率不能超过5条</msg>
<smsid>0</smsid>
</SubmitResult>

2014-06-08 06:08:30
<?xml version="1.0" encoding="utf-8"?>
<SubmitResult xmlns="http://106.ihuyi.com/">
<code>4082</code>
<msg>同一手机号码一天之内发送频率不能超过5条</msg>
<smsid>0</smsid>
</SubmitResult>

2014-06-08 06:08:41
<?xml version="1.0" encoding="utf-8"?>
<SubmitResult xmlns="http://106.ihuyi.com/">
<code>4082</code>
<msg>同一手机号码一天之内发送频率不能超过5条</msg>
<smsid>0</smsid>
</SubmitResult>

2014-06-08 13:15:35
<?xml version="1.0" encoding="utf-8"?>
<SubmitResult xmlns="http://106.ihuyi.com/">
<code>4082</code>
<msg>同一手机号码一天之内发送频率不能超过5条</msg>
<smsid>0</smsid>
</SubmitResult>

2014-06-08 13:15:41
<?xml version="1.0" encoding="utf-8"?>
<SubmitResult xmlns="http://106.ihuyi.com/">
<code>4082</code>
<msg>同一手机号码一天之内发送频率不能超过5条</msg>
<smsid>0</smsid>
</SubmitResult>

2014-06-08 13:15:43
<?xml version="1.0" encoding="utf-8"?>
<SubmitResult xmlns="http://106.ihuyi.com/">
<code>4082</code>
<msg>同一手机号码一天之内发送频率不能超过5条</msg>
<smsid>0</smsid>
</SubmitResult>

2014-06-08 13:15:44
<?xml version="1.0" encoding="utf-8"?>
<SubmitResult xmlns="http://106.ihuyi.com/">
<code>4082</code>
<msg>同一手机号码一天之内发送频率不能超过5条</msg>
<smsid>0</smsid>
</SubmitResult>

2014-06-08 13:15:44