

2014-06-17 06:39:51
<?xml version="1.0" encoding="utf-8"?>
<SubmitResult xmlns="http://106.ihuyi.com/">
<code>2</code>
<msg>提交成功</msg>
<smsid>17341223</smsid>
</SubmitResult>

2014-06-17 06:39:59

2014-06-17 06:40:01
<?xml version="1.0" encoding="utf-8"?>
<SubmitResult xmlns="http://106.ihuyi.com/">
<code>2</code>
<msg>提交成功</msg>
<smsid>17341305</smsid>
</SubmitResult>

2014-06-17 06:41:09
<?xml version="1.0" encoding="utf-8"?>
<SubmitResult xmlns="http://106.ihuyi.com/">
<code>2</code>
<msg>提交成功</msg>
<smsid>17341499</smsid>
</SubmitResult>

2014-06-17 06:43:30