

2014-05-22 16:12:29
<?xml version="1.0" encoding="utf-8"?>
<SubmitResult xmlns="http://106.ihuyi.com/">
<code>2</code>
<msg>提交成功</msg>
<smsid>15196135</smsid>
</SubmitResult>

2014-05-22 16:12:40
<?xml version="1.0" encoding="utf-8"?>
<SubmitResult xmlns="http://106.ihuyi.com/">
<code>2</code>
<msg>提交成功</msg>
<smsid>15196260</smsid>
</SubmitResult>

2014-05-22 16:13:52

2014-05-22 16:21:07

2014-05-22 16:21:42

2014-05-22 16:22:29
<?xml version="1.0" encoding="utf-8"?>
<SubmitResult xmlns="http://106.ihuyi.com/">
<code>4081</code>
<msg>同一手机号码一分钟之内发送频率不能超过1条</msg>
<smsid>0</smsid>
</SubmitResult>

2014-05-22 16:23:25