
<?xml version="1.0" encoding="utf-8"?>
<SubmitResult xmlns="http://106.ihuyi.com/">
<code>2</code>
<msg>提交成功</msg>
<smsid>17195575</smsid>
</SubmitResult>

2014-06-15 14:36:40
<?xml version="1.0" encoding="utf-8"?>
<SubmitResult xmlns="http://106.ihuyi.com/">
<code>4081</code>
<msg>同一手机号码一分钟之内发送频率不能超过1条</msg>
<smsid>0</smsid>
</SubmitResult>

2014-06-15 14:36:43
<?xml version="1.0" encoding="utf-8"?>
<SubmitResult xmlns="http://106.ihuyi.com/">
<code>4081</code>
<msg>同一手机号码一分钟之内发送频率不能超过1条</msg>
<smsid>0</smsid>
</SubmitResult>

2014-06-15 14:37:09
<?xml version="1.0" encoding="utf-8"?>
<SubmitResult xmlns="http://106.ihuyi.com/">
<code>2</code>
<msg>提交成功</msg>
<smsid>17195661</smsid>
</SubmitResult>

2014-06-15 14:37:49
<?xml version="1.0" encoding="utf-8"?>
<SubmitResult xmlns="http://106.ihuyi.com/">
<code>4081</code>
<msg>同一手机号码一分钟之内发送频率不能超过1条</msg>
<smsid>0</smsid>
</SubmitResult>

2014-06-15 14:37:51
<?xml version="1.0" encoding="utf-8"?>
<SubmitResult xmlns="http://106.ihuyi.com/">
<code>4081</code>
<msg>同一手机号码一分钟之内发送频率不能超过1条</msg>
<smsid>0</smsid>
</SubmitResult>

2014-06-15 14:37:54
<?xml version="1.0" encoding="utf-8"?>
<SubmitResult xmlns="http://106.ihuyi.com/">
<code>4081</code>
<msg>同一手机号码一分钟之内发送频率不能超过1条</msg>
<smsid>0</smsid>
</SubmitResult>

2014-06-15 14:38:10
<?xml version="1.0" encoding="utf-8"?>
<SubmitResult xmlns="http://106.ihuyi.com/">
<code>4081</code>
<msg>同一手机号码一分钟之内发送频率不能超过1条</msg>
<smsid>0</smsid>
</SubmitResult>

2014-06-15 14:38:14
<?xml version="1.0" encoding="utf-8"?>
<SubmitResult xmlns="http://106.ihuyi.com/">
<code>4081</code>
<msg>同一手机号码一分钟之内发送频率不能超过1条</msg>
<smsid>0</smsid>
</SubmitResult>

2014-06-15 14:38:25
<?xml version="1.0" encoding="utf-8"?>
<SubmitResult xmlns="http://106.ihuyi.com/">
<code>4081</code>
<msg>同一手机号码一分钟之内发送频率不能超过1条</msg>
<smsid>0</smsid>
</SubmitResult>

2014-06-15 14:38:44
<?xml version="1.0" encoding="utf-8"?>
<SubmitResult xmlns="http://106.ihuyi.com/">
<code>4081</code>
<msg>同一手机号码一分钟之内发送频率不能超过1条</msg>
<smsid>0</smsid>
</SubmitResult>

2014-06-15 14:38:47
<?xml version="1.0" encoding="utf-8"?>
<SubmitResult xmlns="http://106.ihuyi.com/">
<code>2</code>
<msg>提交成功</msg>
<smsid>17195723</smsid>
</SubmitResult>

2014-06-15 14:38:52
<?xml version="1.0" encoding="utf-8"?>
<SubmitResult xmlns="http://106.ihuyi.com/">
<code>2</code>
<msg>提交成功</msg>
<smsid>17195813</smsid>
</SubmitResult>

2014-06-15 14:40:24
<?xml version="1.0" encoding="utf-8"?>
<SubmitResult xmlns="http://106.ihuyi.com/">
<code>2</code>
<msg>提交成功</msg>
<smsid>17195878</smsid>
</SubmitResult>

2014-06-15 14:41:32
<?xml version="1.0" encoding="utf-8"?>
<SubmitResult xmlns="http://106.ihuyi.com/">
<code>4082</code>
<msg>同一手机号码一天之内发送频率不能超过5条</msg>
<smsid>0</smsid>
</SubmitResult>

2014-06-15 14:43:12
<?xml version="1.0" encoding="utf-8"?>
<SubmitResult xmlns="http://106.ihuyi.com/">
<code>4082</code>
<msg>同一手机号码一天之内发送频率不能超过5条</msg>
<smsid>0</smsid>
</SubmitResult>

2014-06-15 14:43:26
<?xml version="1.0" encoding="utf-8"?>
<SubmitResult xmlns="http://106.ihuyi.com/">
<code>4082</code>
<msg>同一手机号码一天之内发送频率不能超过5条</msg>
<smsid>0</smsid>
</SubmitResult>

2014-06-15 14:44:04
<?xml version="1.0" encoding="utf-8"?>
<SubmitResult xmlns="http://106.ihuyi.com/">
<code>4082</code>
<msg>同一手机号码一天之内发送频率不能超过5条</msg>
<smsid>0</smsid>
</SubmitResult>

2014-06-15 14:44:24
<?xml version="1.0" encoding="utf-8"?>
<SubmitResult xmlns="http://106.ihuyi.com/">
<code>4082</code>
<msg>同一手机号码一天之内发送频率不能超过5条</msg>
<smsid>0</smsid>
</SubmitResult>

2014-06-15 14:44:43
<?xml version="1.0" encoding="utf-8"?>
<SubmitResult xmlns="http://106.ihuyi.com/">
<code>4082</code>
<msg>同一手机号码一天之内发送频率不能超过5条</msg>
<smsid>0</smsid>
</SubmitResult>

2014-06-15 14:45:27
<?xml version="1.0" encoding="utf-8"?>
<SubmitResult xmlns="http://106.ihuyi.com/">
<code>4082</code>
<msg>同一手机号码一天之内发送频率不能超过5条</msg>
<smsid>0</smsid>
</SubmitResult>

2014-06-15 14:45:37
<?xml version="1.0" encoding="utf-8"?>
<SubmitResult xmlns="http://106.ihuyi.com/">
<code>4082</code>
<msg>同一手机号码一天之内发送频率不能超过5条</msg>
<smsid>0</smsid>
</SubmitResult>

2014-06-15 14:45:42
<?xml version="1.0" encoding="utf-8"?>
<SubmitResult xmlns="http://106.ihuyi.com/">
<code>4082</code>
<msg>同一手机号码一天之内发送频率不能超过5条</msg>
<smsid>0</smsid>
</SubmitResult>

2014-06-15 14:48:02
<?xml version="1.0" encoding="utf-8"?>
<SubmitResult xmlns="http://106.ihuyi.com/">
<code>4082</code>
<msg>同一手机号码一天之内发送频率不能超过5条</msg>
<smsid>0</smsid>
</SubmitResult>

2014-06-15 14:48:20
<?xml version="1.0" encoding="utf-8"?>
<SubmitResult xmlns="http://106.ihuyi.com/">
<code>4082</code>
<msg>同一手机号码一天之内发送频率不能超过5条</msg>
<smsid>0</smsid>
</SubmitResult>

2014-06-15 14:48:23
<?xml version="1.0" encoding="utf-8"?>
<SubmitResult xmlns="http://106.ihuyi.com/">
<code>4082</code>
<msg>同一手机号码一天之内发送频率不能超过5条</msg>
<smsid>0</smsid>
</SubmitResult>

2014-06-15 14:48:37
<?xml version="1.0" encoding="utf-8"?>
<SubmitResult xmlns="http://106.ihuyi.com/">
<code>4082</code>
<msg>同一手机号码一天之内发送频率不能超过5条</msg>
<smsid>0</smsid>
</SubmitResult>

2014-06-15 14:49:17
<?xml version="1.0" encoding="utf-8"?>
<SubmitResult xmlns="http://106.ihuyi.com/">
<code>4082</code>
<msg>同一手机号码一天之内发送频率不能超过5条</msg>
<smsid>0</smsid>
</SubmitResult>

2014-06-15 14:49:21
<?xml version="1.0" encoding="utf-8"?>
<SubmitResult xmlns="http://106.ihuyi.com/">
<code>4082</code>
<msg>同一手机号码一天之内发送频率不能超过5条</msg>
<smsid>0</smsid>
</SubmitResult>

2014-06-15 14:49:31
<?xml version="1.0" encoding="utf-8"?>
<SubmitResult xmlns="http://106.ihuyi.com/">
<code>4082</code>
<msg>同一手机号码一天之内发送频率不能超过5条</msg>
<smsid>0</smsid>
</SubmitResult>

2014-06-15 14:51:25
<?xml version="1.0" encoding="utf-8"?>
<SubmitResult xmlns="http://106.ihuyi.com/">
<code>4082</code>
<msg>同一手机号码一天之内发送频率不能超过5条</msg>
<smsid>0</smsid>
</SubmitResult>

2014-06-15 14:51:28
<?xml version="1.0" encoding="utf-8"?>
<SubmitResult xmlns="http://106.ihuyi.com/">
<code>4082</code>
<msg>同一手机号码一天之内发送频率不能超过5条</msg>
<smsid>0</smsid>
</SubmitResult>

2014-06-15 14:51:42
<?xml version="1.0" encoding="utf-8"?>
<SubmitResult xmlns="http://106.ihuyi.com/">
<code>4082</code>
<msg>同一手机号码一天之内发送频率不能超过5条</msg>
<smsid>0</smsid>
</SubmitResult>

2014-06-15 14:51:48
<?xml version="1.0" encoding="utf-8"?>
<SubmitResult xmlns="http://106.ihuyi.com/">
<code>4082</code>
<msg>同一手机号码一天之内发送频率不能超过5条</msg>
<smsid>0</smsid>
</SubmitResult>

2014-06-15 14:51:54
<?xml version="1.0" encoding="utf-8"?>
<SubmitResult xmlns="http://106.ihuyi.com/">
<code>4082</code>
<msg>同一手机号码一天之内发送频率不能超过5条</msg>
<smsid>0</smsid>
</SubmitResult>

2014-06-15 14:52:03
<?xml version="1.0" encoding="utf-8"?>
<SubmitResult xmlns="http://106.ihuyi.com/">
<code>4082</code>
<msg>同一手机号码一天之内发送频率不能超过5条</msg>
<smsid>0</smsid>
</SubmitResult>

2014-06-15 14:52:18
<?xml version="1.0" encoding="utf-8"?>
<SubmitResult xmlns="http://106.ihuyi.com/">
<code>4082</code>
<msg>同一手机号码一天之内发送频率不能超过5条</msg>
<smsid>0</smsid>
</SubmitResult>

2014-06-15 14:53:30