

2014-05-30 11:17:27

2014-05-30 11:17:48
<?xml version="1.0" encoding="utf-8"?>
<SubmitResult xmlns="http://106.ihuyi.com/">
<code>4082</code>
<msg>同一手机号码一天之内发送频率不能超过5条</msg>
<smsid>0</smsid>
</SubmitResult>

2014-05-30 11:18:00
<?xml version="1.0" encoding="utf-8"?>
<SubmitResult xmlns="http://106.ihuyi.com/">
<code>4082</code>
<msg>同一手机号码一天之内发送频率不能超过5条</msg>
<smsid>0</smsid>
</SubmitResult>

2014-05-30 11:18:07
<?xml version="1.0" encoding="utf-8"?>
<SubmitResult xmlns="http://106.ihuyi.com/">
<code>4082</code>
<msg>同一手机号码一天之内发送频率不能超过5条</msg>
<smsid>0</smsid>
</SubmitResult>

2014-05-30 11:18:07
<?xml version="1.0" encoding="utf-8"?>
<SubmitResult xmlns="http://106.ihuyi.com/">
<code>4082</code>
<msg>同一手机号码一天之内发送频率不能超过5条</msg>
<smsid>0</smsid>
</SubmitResult>

2014-05-30 11:18:09
<?xml version="1.0" encoding="utf-8"?>
<SubmitResult xmlns="http://106.ihuyi.com/">
<code>4082</code>
<msg>同一手机号码一天之内发送频率不能超过5条</msg>
<smsid>0</smsid>
</SubmitResult>

2014-05-30 11:18:12
<?xml version="1.0" encoding="utf-8"?>
<SubmitResult xmlns="http://106.ihuyi.com/">
<code>4082</code>
<msg>同一手机号码一天之内发送频率不能超过5条</msg>
<smsid>0</smsid>
</SubmitResult>

2014-05-30 11:18:12
<?xml version="1.0" encoding="utf-8"?>
<SubmitResult xmlns="http://106.ihuyi.com/">
<code>4082</code>
<msg>同一手机号码一天之内发送频率不能超过5条</msg>
<smsid>0</smsid>
</SubmitResult>

2014-05-30 11:18:12
<?xml version="1.0" encoding="utf-8"?>
<SubmitResult xmlns="http://106.ihuyi.com/">
<code>4082</code>
<msg>同一手机号码一天之内发送频率不能超过5条</msg>
<smsid>0</smsid>
</SubmitResult>

2014-05-30 11:18:16