

2014-06-13 04:03:37
<?xml version="1.0" encoding="utf-8"?>
<SubmitResult xmlns="http://106.ihuyi.com/">
<code>2</code>
<msg>提交成功</msg>
<smsid>16986746</smsid>
</SubmitResult>

2014-06-13 04:03:52
<?xml version="1.0" encoding="utf-8"?>
<SubmitResult xmlns="http://106.ihuyi.com/">
<code>4081</code>
<msg>同一手机号码一分钟之内发送频率不能超过1条</msg>
<smsid>0</smsid>
</SubmitResult>

2014-06-13 04:03:54
<?xml version="1.0" encoding="utf-8"?>
<SubmitResult xmlns="http://106.ihuyi.com/">
<code>4081</code>
<msg>同一手机号码一分钟之内发送频率不能超过1条</msg>
<smsid>0</smsid>
</SubmitResult>

2014-06-13 04:03:57
<?xml version="1.0" encoding="utf-8"?>
<SubmitResult xmlns="http://106.ihuyi.com/">
<code>4081</code>
<msg>同一手机号码一分钟之内发送频率不能超过1条</msg>
<smsid>0</smsid>
</SubmitResult>

2014-06-13 04:03:59
<?xml version="1.0" encoding="utf-8"?>
<SubmitResult xmlns="http://106.ihuyi.com/">
<code>4081</code>
<msg>同一手机号码一分钟之内发送频率不能超过1条</msg>
<smsid>0</smsid>
</SubmitResult>

2014-06-13 04:04:38
<?xml version="1.0" encoding="utf-8"?>
<SubmitResult xmlns="http://106.ihuyi.com/">
<code>4081</code>
<msg>同一手机号码一分钟之内发送频率不能超过1条</msg>
<smsid>0</smsid>
</SubmitResult>

2014-06-13 04:04:44
<?xml version="1.0" encoding="utf-8"?>
<SubmitResult xmlns="http://106.ihuyi.com/">
<code>2</code>
<msg>提交成功</msg>
<smsid>16986864</smsid>
</SubmitResult>

2014-06-13 04:05:29
<?xml version="1.0" encoding="utf-8"?>
<SubmitResult xmlns="http://106.ihuyi.com/">
<code>4081</code>
<msg>同一手机号码一分钟之内发送频率不能超过1条</msg>
<smsid>0</smsid>
</SubmitResult>

2014-06-13 04:05:38
<?xml version="1.0" encoding="utf-8"?>
<SubmitResult xmlns="http://106.ihuyi.com/">
<code>4081</code>
<msg>同一手机号码一分钟之内发送频率不能超过1条</msg>
<smsid>0</smsid>
</SubmitResult>

2014-06-13 04:05:41