

2014-07-06 04:42:21
<?xml version="1.0" encoding="utf-8"?>
<SubmitResult xmlns="http://106.ihuyi.com/">
<code>2</code>
<msg>提交成功</msg>
<smsid>19119660</smsid>
</SubmitResult>

2014-07-06 04:42:35
<?xml version="1.0" encoding="utf-8"?>
<SubmitResult xmlns="http://106.ihuyi.com/">
<code>2</code>
<msg>提交成功</msg>
<smsid>19119757</smsid>
</SubmitResult>

2014-07-06 04:43:37
<?xml version="1.0" encoding="utf-8"?>
<SubmitResult xmlns="http://106.ihuyi.com/">
<code>2</code>
<msg>提交成功</msg>
<smsid>19119861</smsid>
</SubmitResult>

2014-07-06 04:44:46