
<?xml version="1.0" encoding="utf-8"?>
<SubmitResult xmlns="http://106.ihuyi.com/">
<code>4082</code>
<msg>同一手机号码一天之内发送频率不能超过5条</msg>
<smsid>0</smsid>
</SubmitResult>

2014-05-24 11:43:28
<?xml version="1.0" encoding="utf-8"?>
<SubmitResult xmlns="http://106.ihuyi.com/">
<code>4082</code>
<msg>同一手机号码一天之内发送频率不能超过5条</msg>
<smsid>0</smsid>
</SubmitResult>

2014-05-24 11:46:03
<?xml version="1.0" encoding="utf-8"?>
<SubmitResult xmlns="http://106.ihuyi.com/">
<code>4082</code>
<msg>同一手机号码一天之内发送频率不能超过5条</msg>
<smsid>0</smsid>
</SubmitResult>

2014-05-24 11:46:47
<?xml version="1.0" encoding="utf-8"?>
<SubmitResult xmlns="http://106.ihuyi.com/">
<code>4082</code>
<msg>同一手机号码一天之内发送频率不能超过5条</msg>
<smsid>0</smsid>
</SubmitResult>

2014-05-24 11:46:50
<?xml version="1.0" encoding="utf-8"?>
<SubmitResult xmlns="http://106.ihuyi.com/">
<code>4082</code>
<msg>同一手机号码一天之内发送频率不能超过5条</msg>
<smsid>0</smsid>
</SubmitResult>

2014-05-24 11:56:55
<?xml version="1.0" encoding="utf-8"?>
<SubmitResult xmlns="http://106.ihuyi.com/">
<code>4082</code>
<msg>同一手机号码一天之内发送频率不能超过5条</msg>
<smsid>0</smsid>
</SubmitResult>

2014-05-24 12:30:07