

2014-05-29 18:08:24

2014-05-29 18:08:28
<?xml version="1.0" encoding="utf-8"?>
<SubmitResult xmlns="http://106.ihuyi.com/">
<code>2</code>
<msg>提交成功</msg>
<smsid>15730907</smsid>
</SubmitResult>

2014-05-29 18:08:32
<?xml version="1.0" encoding="utf-8"?>
<SubmitResult xmlns="http://106.ihuyi.com/">
<code>2</code>
<msg>提交成功</msg>
<smsid>15731394</smsid>
</SubmitResult>

2014-05-29 18:12:08
<?xml version="1.0" encoding="utf-8"?>
<SubmitResult xmlns="http://106.ihuyi.com/">
<code>2</code>
<msg>提交成功</msg>
<smsid>15731513</smsid>
</SubmitResult>

2014-05-29 18:13:10