
<?xml version="1.0" encoding="utf-8"?>
<SubmitResult xmlns="http://106.ihuyi.com/">
<code>4080</code>
<msg>同一手机号码同一秒钟之内发送频率不能超过1条</msg>
<smsid>0</smsid>
</SubmitResult>

2014-05-16 14:37:16
<?xml version="1.0" encoding="utf-8"?>
<SubmitResult xmlns="http://106.ihuyi.com/">
<code>2</code>
<msg>提交成功</msg>
<smsid>14703039</smsid>
</SubmitResult>

2014-05-16 14:37:17
<?xml version="1.0" encoding="utf-8"?>
<SubmitResult xmlns="http://106.ihuyi.com/">
<code>4081</code>
<msg>同一手机号码一分钟之内发送频率不能超过1条</msg>
<smsid>0</smsid>
</SubmitResult>

2014-05-16 14:37:18