
<?xml version="1.0" encoding="utf-8"?>
<SubmitResult xmlns="http://106.ihuyi.com/">
<code>2</code>
<msg>提交成功</msg>
<smsid>17982061</smsid>
</SubmitResult>

2014-06-24 09:05:38
<?xml version="1.0" encoding="utf-8"?>
<SubmitResult xmlns="http://106.ihuyi.com/">
<code>4081</code>
<msg>同一手机号码一分钟之内发送频率不能超过1条</msg>
<smsid>0</smsid>
</SubmitResult>

2014-06-24 09:05:53
<?xml version="1.0" encoding="utf-8"?>
<SubmitResult xmlns="http://106.ihuyi.com/">
<code>4081</code>
<msg>同一手机号码一分钟之内发送频率不能超过1条</msg>
<smsid>0</smsid>
</SubmitResult>

2014-06-24 09:06:05
<?xml version="1.0" encoding="utf-8"?>
<SubmitResult xmlns="http://106.ihuyi.com/">
<code>4081</code>
<msg>同一手机号码一分钟之内发送频率不能超过1条</msg>
<smsid>0</smsid>
</SubmitResult>

2014-06-24 09:06:06
<?xml version="1.0" encoding="utf-8"?>
<SubmitResult xmlns="http://106.ihuyi.com/">
<code>4081</code>
<msg>同一手机号码一分钟之内发送频率不能超过1条</msg>
<smsid>0</smsid>
</SubmitResult>

2014-06-24 09:06:46
<?xml version="1.0" encoding="utf-8"?>
<SubmitResult xmlns="http://106.ihuyi.com/">
<code>2</code>
<msg>提交成功</msg>
<smsid>17982168</smsid>
</SubmitResult>

2014-06-24 09:07:00
<?xml version="1.0" encoding="utf-8"?>
<SubmitResult xmlns="http://106.ihuyi.com/">
<code>2</code>
<msg>提交成功</msg>
<smsid>17982281</smsid>
</SubmitResult>

2014-06-24 09:08:14
<?xml version="1.0" encoding="utf-8"?>
<SubmitResult xmlns="http://106.ihuyi.com/">
<code>4081</code>
<msg>同一手机号码一分钟之内发送频率不能超过1条</msg>
<smsid>0</smsid>
</SubmitResult>

2014-06-24 09:09:08
<?xml version="1.0" encoding="utf-8"?>
<SubmitResult xmlns="http://106.ihuyi.com/">
<code>2</code>
<msg>提交成功</msg>
<smsid>17982369</smsid>
</SubmitResult>

2014-06-24 09:09:22
<?xml version="1.0" encoding="utf-8"?>
<SubmitResult xmlns="http://106.ihuyi.com/">
<code>2</code>
<msg>提交成功</msg>
<smsid>17982478</smsid>
</SubmitResult>

2014-06-24 09:10:35
<?xml version="1.0" encoding="utf-8"?>
<SubmitResult xmlns="http://106.ihuyi.com/">
<code>4082</code>
<msg>同一手机号码一天之内发送频率不能超过5条</msg>
<smsid>0</smsid>
</SubmitResult>

2014-06-24 09:12:40
<?xml version="1.0" encoding="utf-8"?>
<SubmitResult xmlns="http://106.ihuyi.com/">
<code>4082</code>
<msg>同一手机号码一天之内发送频率不能超过5条</msg>
<smsid>0</smsid>
</SubmitResult>

2014-06-24 09:12:48
<?xml version="1.0" encoding="utf-8"?>
<SubmitResult xmlns="http://106.ihuyi.com/">
<code>4082</code>
<msg>同一手机号码一天之内发送频率不能超过5条</msg>
<smsid>0</smsid>
</SubmitResult>

2014-06-24 09:12:54
<?xml version="1.0" encoding="utf-8"?>
<SubmitResult xmlns="http://106.ihuyi.com/">
<code>4082</code>
<msg>同一手机号码一天之内发送频率不能超过5条</msg>
<smsid>0</smsid>
</SubmitResult>

2014-06-24 09:13:07
<?xml version="1.0" encoding="utf-8"?>
<SubmitResult xmlns="http://106.ihuyi.com/">
<code>4082</code>
<msg>同一手机号码一天之内发送频率不能超过5条</msg>
<smsid>0</smsid>
</SubmitResult>

2014-06-24 09:13:23
<?xml version="1.0" encoding="utf-8"?>
<SubmitResult xmlns="http://106.ihuyi.com/">
<code>4082</code>
<msg>同一手机号码一天之内发送频率不能超过5条</msg>
<smsid>0</smsid>
</SubmitResult>

2014-06-24 09:19:57
<?xml version="1.0" encoding="utf-8"?>
<SubmitResult xmlns="http://106.ihuyi.com/">
<code>4082</code>
<msg>同一手机号码一天之内发送频率不能超过5条</msg>
<smsid>0</smsid>
</SubmitResult>

2014-06-24 09:20:48
<?xml version="1.0" encoding="utf-8"?>
<SubmitResult xmlns="http://106.ihuyi.com/">
<code>4082</code>
<msg>同一手机号码一天之内发送频率不能超过5条</msg>
<smsid>0</smsid>
</SubmitResult>

2014-06-24 09:21:35
<?xml version="1.0" encoding="utf-8"?>
<SubmitResult xmlns="http://106.ihuyi.com/">
<code>4082</code>
<msg>同一手机号码一天之内发送频率不能超过5条</msg>
<smsid>0</smsid>
</SubmitResult>

2014-06-24 09:21:39
<?xml version="1.0" encoding="utf-8"?>
<SubmitResult xmlns="http://106.ihuyi.com/">
<code>4082</code>
<msg>同一手机号码一天之内发送频率不能超过5条</msg>
<smsid>0</smsid>
</SubmitResult>

2014-06-24 09:21:42