
<?xml version="1.0" encoding="utf-8"?>
<SubmitResult xmlns="http://106.ihuyi.com/">
<code>2</code>
<msg>提交成功</msg>
<smsid>14448655</smsid>
</SubmitResult>

2014-05-14 09:18:13
<?xml version="1.0" encoding="utf-8"?>
<SubmitResult xmlns="http://106.ihuyi.com/">
<code>0</code>
<msg>提交失败</msg>
<smsid>0</smsid>
</SubmitResult>

2014-05-14 09:19:22
<?xml version="1.0" encoding="utf-8"?>
<SubmitResult xmlns="http://106.ihuyi.com/">
<code>0</code>
<msg>提交失败</msg>
<smsid>0</smsid>
</SubmitResult>

2014-05-14 09:20:26
<?xml version="1.0" encoding="utf-8"?>
<SubmitResult xmlns="http://106.ihuyi.com/">
<code>0</code>
<msg>提交失败</msg>
<smsid>0</smsid>
</SubmitResult>

2014-05-14 09:23:12
<?xml version="1.0" encoding="utf-8"?>
<SubmitResult xmlns="http://106.ihuyi.com/">
<code>0</code>
<msg>提交失败</msg>
<smsid>0</smsid>
</SubmitResult>

2014-05-14 09:24:33
<?xml version="1.0" encoding="utf-8"?>
<SubmitResult xmlns="http://106.ihuyi.com/">
<code>2</code>
<msg>提交成功</msg>
<smsid>14450177</smsid>
</SubmitResult>

2014-05-14 09:36:03