
<?xml version="1.0" encoding="utf-8"?>
<SubmitResult xmlns="http://106.ihuyi.com/">
<code>2</code>
<msg>提交成功</msg>
<smsid>17855228</smsid>
</SubmitResult>

2014-06-23 03:17:42
<?xml version="1.0" encoding="utf-8"?>
<SubmitResult xmlns="http://106.ihuyi.com/">
<code>4081</code>
<msg>同一手机号码一分钟之内发送频率不能超过1条</msg>
<smsid>0</smsid>
</SubmitResult>

2014-06-23 03:18:37
<?xml version="1.0" encoding="utf-8"?>
<SubmitResult xmlns="http://106.ihuyi.com/">
<code>2</code>
<msg>提交成功</msg>
<smsid>17855343</smsid>
</SubmitResult>

2014-06-23 03:19:03
<?xml version="1.0" encoding="utf-8"?>
<SubmitResult xmlns="http://106.ihuyi.com/">
<code>4081</code>
<msg>同一手机号码一分钟之内发送频率不能超过1条</msg>
<smsid>0</smsid>
</SubmitResult>

2014-06-23 03:19:26
<?xml version="1.0" encoding="utf-8"?>
<SubmitResult xmlns="http://106.ihuyi.com/">
<code>4081</code>
<msg>同一手机号码一分钟之内发送频率不能超过1条</msg>
<smsid>0</smsid>
</SubmitResult>

2014-06-23 03:19:51
<?xml version="1.0" encoding="utf-8"?>
<SubmitResult xmlns="http://106.ihuyi.com/">
<code>2</code>
<msg>提交成功</msg>
<smsid>17855444</smsid>
</SubmitResult>

2014-06-23 03:20:08
<?xml version="1.0" encoding="utf-8"?>
<SubmitResult xmlns="http://106.ihuyi.com/">
<code>4081</code>
<msg>同一手机号码一分钟之内发送频率不能超过1条</msg>
<smsid>0</smsid>
</SubmitResult>

2014-06-23 03:20:32
<?xml version="1.0" encoding="utf-8"?>
<SubmitResult xmlns="http://106.ihuyi.com/">
<code>4081</code>
<msg>同一手机号码一分钟之内发送频率不能超过1条</msg>
<smsid>0</smsid>
</SubmitResult>

2014-06-23 03:21:05
<?xml version="1.0" encoding="utf-8"?>
<SubmitResult xmlns="http://106.ihuyi.com/">
<code>2</code>
<msg>提交成功</msg>
<smsid>17855544</smsid>
</SubmitResult>

2014-06-23 03:21:13
<?xml version="1.0" encoding="utf-8"?>
<SubmitResult xmlns="http://106.ihuyi.com/">
<code>4081</code>
<msg>同一手机号码一分钟之内发送频率不能超过1条</msg>
<smsid>0</smsid>
</SubmitResult>

2014-06-23 03:22:09
<?xml version="1.0" encoding="utf-8"?>
<SubmitResult xmlns="http://106.ihuyi.com/">
<code>2</code>
<msg>提交成功</msg>
<smsid>17855634</smsid>
</SubmitResult>

2014-06-23 03:22:23

2014-06-23 03:23:57